<?xml version="1.0" encoding="UTF-8"?>
<!-- Generated by org.testng.reporters.JUnitXMLReporter -->
<testsuite hostname="admin-PC" ignored="0" name="Default test" tests="6" failures="0" timestamp="20 Feb 2019 19:41:09 GMT" time="224.714" errors="0">
  <testcase name="googleTitleTest" time="0.046" classname="com.test.GoogleTest"/>
  <testcase name="googleLogoTest" time="0.121" classname="com.test.GoogleTest"/>
  <testcase name="MailLinkTest" time="0.138" classname="com.test.GoogleTest"/>
  <testcase name="test1" time="0.003" classname="com.test.GoogleTest"/>
  <testcase name="test2" time="0.003" classname="com.test.GoogleTest"/>
  <testcase name="test3" time="0.011" classname="com.test.GoogleTest"/>
</testsuite> <!-- Default test -->
